<?xml version="1.0" encoding="UTF-8"?>
<testsuite name="com.aor.numbers.ListSorterTest" tests="1" skipped="0" failures="0" errors="0" timestamp="2022-10-18T08:46:00" hostname="FEUP-B303D20" time="0.013">
  <properties/>
  <testcase name="sort()" classname="com.aor.numbers.ListSorterTest" time="0.013"/>
  <system-out><![CDATA[]]></system-out>
  <system-err><![CDATA[]]></system-err>
</testsuite>
